<?xml version="1.0" encoding="utf-8"?><testsuites name="pytest tests"><testsuite name="pytest" errors="0" failures="0" skipped="0" tests="18" time="3.203" timestamp="2026-04-18T01:17:16.692166+00:00" hostname="agent-env-2352d0c6-9e94-4f4b-a75e-9ba4f277e707"><testcase classname="backend.tests.test_cube3_api.TestRootEndpoint" name="test_api_root_returns_200" time="0.192" /><testcase classname="backend.tests.test_cube3_api.TestLeaderboard" name="test_leaderboard_returns_seeded_users" time="0.116" /><testcase classname="backend.tests.test_cube3_api.TestLeaderboard" name="test_leaderboard_filter_by_board_size" time="0.151" /><testcase classname="backend.tests.test_cube3_api.TestLeaderboard" name="test_leaderboard_filter_by_mode_ai" time="0.133" /><testcase classname="backend.tests.test_cube3_api.TestLeaderboard" name="test_leaderboard_filter_by_mode_local" time="0.159" /><testcase classname="backend.tests.test_cube3_api.TestLeaderboard" name="test_leaderboard_filter_by_period" time="0.170" /><testcase classname="backend.tests.test_cube3_api.TestLeaderboard" name="test_leaderboard_combined_filters" time="0.109" /><testcase classname="backend.tests.test_cube3_api.TestUserStats" name="test_stats_for_seeded_user" time="0.110" /><testcase classname="backend.tests.test_cube3_api.TestUserStats" name="test_stats_for_nonexistent_user" time="0.101" /><testcase classname="backend.tests.test_cube3_api.TestGameHistory" name="test_game_history_for_seeded_user" time="0.120" /><testcase classname="backend.tests.test_cube3_api.TestGameHistory" name="test_game_history_for_user_with_no_games" time="0.144" /><testcase classname="backend.tests.test_cube3_api.TestAuthEndpoints" name="test_auth_me_without_token_returns_401" time="0.112" /><testcase classname="backend.tests.test_cube3_api.TestAuthEndpoints" name="test_auth_me_with_valid_token" time="0.148" /><testcase classname="backend.tests.test_cube3_api.TestAuthEndpoints" name="test_auth_me_with_invalid_token" time="0.134" /><testcase classname="backend.tests.test_cube3_api.TestGameRecord" name="test_record_game_without_auth_returns_401" time="0.151" /><testcase classname="backend.tests.test_cube3_api.TestGameRecord" name="test_record_game_with_valid_token" time="0.252" /><testcase classname="backend.tests.test_cube3_api.TestGameRecord" name="test_record_game_4x4_local_2p" time="0.116" /><testcase classname="backend.tests.test_cube3_api.TestLogout" name="test_logout_clears_session" time="0.580" /></testsuite></testsuites>