<?xml version="1.0" encoding="utf-8"?><testsuites name="pytest tests"><testsuite name="pytest" errors="0" failures="0" skipped="0" tests="32" time="6.172" timestamp="2026-04-18T13:03:06.902858+00:00" hostname="agent-env-2352d0c6-9e94-4f4b-a75e-9ba4f277e707"><testcase classname="tests.test_cube3_api.TestRootEndpoint" name="test_api_root_returns_200" time="0.246" /><testcase classname="tests.test_cube3_api.TestLeaderboard" name="test_leaderboard_returns_seeded_users" time="0.168" /><testcase classname="tests.test_cube3_api.TestLeaderboard" name="test_leaderboard_filter_by_board_size" time="0.108" /><testcase classname="tests.test_cube3_api.TestLeaderboard" name="test_leaderboard_filter_by_mode_ai" time="0.112" /><testcase classname="tests.test_cube3_api.TestLeaderboard" name="test_leaderboard_filter_by_mode_local" time="0.108" /><testcase classname="tests.test_cube3_api.TestLeaderboard" name="test_leaderboard_filter_by_period" time="0.140" /><testcase classname="tests.test_cube3_api.TestLeaderboard" name="test_leaderboard_combined_filters" time="0.107" /><testcase classname="tests.test_cube3_api.TestUserStats" name="test_stats_for_seeded_user" time="0.167" /><testcase classname="tests.test_cube3_api.TestUserStats" name="test_stats_for_nonexistent_user" time="0.163" /><testcase classname="tests.test_cube3_api.TestGameHistory" name="test_game_history_for_seeded_user" time="0.106" /><testcase classname="tests.test_cube3_api.TestGameHistory" name="test_game_history_for_user_with_no_games" time="0.133" /><testcase classname="tests.test_cube3_api.TestAuthEndpoints" name="test_auth_me_without_token_returns_401" time="0.102" /><testcase classname="tests.test_cube3_api.TestAuthEndpoints" name="test_auth_me_with_valid_token" time="0.151" /><testcase classname="tests.test_cube3_api.TestAuthEndpoints" name="test_auth_me_with_invalid_token" time="0.106" /><testcase classname="tests.test_cube3_api.TestGameRecord" name="test_record_game_without_auth_returns_401" time="0.110" /><testcase classname="tests.test_cube3_api.TestGameRecord" name="test_record_game_with_valid_token" time="0.210" /><testcase classname="tests.test_cube3_api.TestGameRecord" name="test_record_game_4x4_local_2p" time="0.105" /><testcase classname="tests.test_cube3_api.TestLogout" name="test_logout_clears_session" time="0.837" /><testcase classname="tests.test_phase2_api.TestSavedGamesEndpoints" name="test_save_game_without_auth_returns_401" time="0.115" /><testcase classname="tests.test_phase2_api.TestSavedGamesEndpoints" name="test_get_saved_game_without_auth_returns_401" time="0.109" /><testcase classname="tests.test_phase2_api.TestSavedGamesEndpoints" name="test_delete_saved_game_without_auth_returns_401" time="0.123" /><testcase classname="tests.test_phase2_api.TestSavedGamesEndpoints" name="test_get_saved_game_returns_null_when_none_exists" time="0.262" /><testcase classname="tests.test_phase2_api.TestSavedGamesEndpoints" name="test_save_game_with_valid_token" time="0.127" /><testcase classname="tests.test_phase2_api.TestSavedGamesEndpoints" name="test_get_saved_game_returns_doc_when_exists" time="0.266" /><testcase classname="tests.test_phase2_api.TestSavedGamesEndpoints" name="test_save_game_upserts_existing" time="0.347" /><testcase classname="tests.test_phase2_api.TestSavedGamesEndpoints" name="test_delete_saved_game_removes_it" time="0.448" /><testcase classname="tests.test_phase2_api.TestReplayEndpoints" name="test_create_replay_without_auth" time="0.114" /><testcase classname="tests.test_phase2_api.TestReplayEndpoints" name="test_create_replay_with_auth" time="0.231" /><testcase classname="tests.test_phase2_api.TestReplayEndpoints" name="test_get_replay_returns_doc" time="0.212" /><testcase classname="tests.test_phase2_api.TestReplayEndpoints" name="test_get_replay_invalid_id_returns_404" time="0.107" /><testcase classname="tests.test_phase2_api.TestReplayEndpoints" name="test_get_replay_nonexistent_returns_404" time="0.097" /><testcase classname="tests.test_phase2_api.TestReplayEndpoints" name="test_create_replay_with_draw_result" time="0.211" /></testsuite></testsuites>