<?xml version="1.0" encoding="utf-8"?><testsuites name="pytest tests"><testsuite name="pytest" errors="0" failures="0" skipped="0" tests="14" time="3.353" timestamp="2026-04-18T01:30:50.427655+00:00" hostname="agent-env-2352d0c6-9e94-4f4b-a75e-9ba4f277e707"><testcase classname="backend.tests.test_phase2_api.TestSavedGamesEndpoints" name="test_save_game_without_auth_returns_401" time="0.222" /><testcase classname="backend.tests.test_phase2_api.TestSavedGamesEndpoints" name="test_get_saved_game_without_auth_returns_401" time="0.142" /><testcase classname="backend.tests.test_phase2_api.TestSavedGamesEndpoints" name="test_delete_saved_game_without_auth_returns_401" time="0.113" /><testcase classname="backend.tests.test_phase2_api.TestSavedGamesEndpoints" name="test_get_saved_game_returns_null_when_none_exists" time="0.305" /><testcase classname="backend.tests.test_phase2_api.TestSavedGamesEndpoints" name="test_save_game_with_valid_token" time="0.184" /><testcase classname="backend.tests.test_phase2_api.TestSavedGamesEndpoints" name="test_get_saved_game_returns_doc_when_exists" time="0.287" /><testcase classname="backend.tests.test_phase2_api.TestSavedGamesEndpoints" name="test_save_game_upserts_existing" time="0.401" /><testcase classname="backend.tests.test_phase2_api.TestSavedGamesEndpoints" name="test_delete_saved_game_removes_it" time="0.473" /><testcase classname="backend.tests.test_phase2_api.TestReplayEndpoints" name="test_create_replay_without_auth" time="0.141" /><testcase classname="backend.tests.test_phase2_api.TestReplayEndpoints" name="test_create_replay_with_auth" time="0.281" /><testcase classname="backend.tests.test_phase2_api.TestReplayEndpoints" name="test_get_replay_returns_doc" time="0.224" /><testcase classname="backend.tests.test_phase2_api.TestReplayEndpoints" name="test_get_replay_invalid_id_returns_404" time="0.146" /><testcase classname="backend.tests.test_phase2_api.TestReplayEndpoints" name="test_get_replay_nonexistent_returns_404" time="0.113" /><testcase classname="backend.tests.test_phase2_api.TestReplayEndpoints" name="test_create_replay_with_draw_result" time="0.227" /></testsuite></testsuites>